#
# There is insufficient memory for the Java Runtime Environment to continue.
# Native memory allocation (mmap) failed to map 134217728 bytes for G1 virtual space
# Possible reasons:
#   The system is out of physical RAM or swap space
#   The process is running with CompressedOops enabled, and the Java Heap may be blocking the growth of the native heap
# Possible solutions:
#   Reduce memory load on the system
#   Increase physical memory or swap space
#   Check if swap backing store is full
#   Decrease Java heap size (-Xmx/-Xms)
#   Decrease number of Java threads
#   Decrease Java thread stack sizes (-Xss)
#   Set larger code cache with -XX:ReservedCodeCacheSize=
#   JVM is running with Unscaled Compressed Oops mode in which the Java heap is
#     placed in the first 4GB address space. The Java Heap base address is the
#     maximum limit for the native heap growth. Please use -XX:HeapBaseMinAddress
#     to set the Java Heap base and to place the Java Heap above 4GB virtual address.
# This output file may be truncated or incomplete.
#
#  Out of Memory Error (os_windows.cpp:3527), pid=23988, tid=24912
#
# JRE version:  (19.0+36) (build )
# Java VM: Java HotSpot(TM) 64-Bit Server VM (19+36-2238, mixed mode, sharing, tiered, compressed oops, compressed class ptrs, g1 gc, windows-amd64)
# No core dump will be written. Minidumps are not enabled by default on client versions of Windows
#

---------------  S U M M A R Y ------------

Command Line: -XX:+ShowCodeDetailsInExceptionMessages -agentlib:jdwp=transport=dt_socket,suspend=y,address=localhost:55711 -javaagent:C:\Users\aletscher\eclipse\java-2023-06\eclipse\configuration\org.eclipse.osgi\248\0\.cp\lib\javaagent-shaded.jar -Dfile.encoding=UTF-8 exercice_5_2.App

Host: Intel(R) Xeon(R) CPU E3-1241 v3 @ 3.50GHz, 8 cores, 7G,  Windows 10 , 64 bit Build 19041 (10.0.19041.3031)
Time: Tue Jul 18 14:37:12 2023 Paris, Madrid (heure duild 19041 (10.0.19041.3031) elapsed time: 0.014221 seconds (0d 0h 0m 0s)

---------------  T H R E A D  ---------------

Current thread (0x000001b7f977d2d0):  JavaThread "Unknown thread" [_thread_in_vm, id=24912, stack(0x0000003378d00000,0x0000003378e00000)]

Stack: [0x0000003378d00000,0x0000003378e00000]
Native frames: (J=compiled Java code, j=interpreted, Vv=VM code, C=native code)
V  [jvm.dll+0x6ee8fa]
V  [jvm.dll+0x857a1e]
V  [jvm.dll+0x85940e]
V  [jvm.dll+0x859ac3]
V  [jvm.dll+0x28291f]
V  [jvm.dll+0x6eb6e9]
V  [jvm.dll+0x6e028a]
V  [jvm.dll+0x357136]
V  [jvm.dll+0x35eb96]
V  [jvm.dll+0x3b555e]
V  [jvm.dll+0x3b578f]
V  [jvm.dll+0x32c6ea]
V  [jvm.dll+0x32d59e]
V  [jvm.dll+0x821b20]
V  [jvm.dll+0x3c27c1]
V  [jvm.dll+0x8022f1]
V  [jvm.dll+0x44b30f]
V  [jvm.dll+0x44cc91]
C  [jli.dll+0x5287]
C  [ucrtbase.dll+0x21bb2]
C  [KERNEL32.DLL+0x17614]
C  [ntdll.dll+0x526f1]


---------------  P R O C E S S  ---------------

Threads class SMR info:
_java_thread_list=0x00007ffdc68ad048, length=0, elements={
}

Java Threads: ( => current thread )

Other Threads:
  0x000001b7f97ddd30 WorkerThread "GC Thread#0" [stack: 0x0000003378e00000,0x0000003378f00000] [id=24604]
  0x000001b7f97ef320 ConcurrentGCThread "G1 Main Marker" [stack: 0x0000003378f00000,0x0000003379000000] [id=10304]
  0x000001b7f97efc60 WorkerThread "G1 Conc#0" [stack: 0x0000003379000000,0x0000003379100000] [id=28136]

[error occurred during error reporting (printing all threads), id 0xc0000005, EXCEPTION_ACCESS_VIOLATION (0xc0000005) at pc=0x00007ffdc606d127]

VM state: not at safepoint (not fully initialized)

VM Mutex/Monitor currently owned by a thread:  ([mutex/lock_event])
[0x000001b7f9777340] Heap_lock - owner thread: 0x000001b7f977d2d0

Heap address: 0x0000000080e00000, size: 2034 MB, Compressed Oops mode: 32-bit

CDS archive(s) mapped at: [0x0000000000000000-0x0000000000000000-0x0000000000000000), size 0, SharedBaseAddress: 0x0000000800000000, ArchiveRelocationMode: 0.
Narrow klass base: 0x0000000000000000, Narrow klass shift: 0, Narrow klass range: 0x0

GC Precious Log:
 CardTable entry size: 512
 Card Set container configuration: InlinePtr #cards 5 size 8 Array Of Cards #cards 12 size 40 Howl #buckets 4 coarsen threshold 1843 Howl Bitmap #cards 512 size 80 coarsen threshold 460 Card regions per heap region 1 cards per card region 2048

Heap:
 garbage-first heap   total 0K, used 0K [0x0000000080e00000, 0x0000000100000000)
  region size 1024K, 0 young (0K), 0 survivors (0K)

[error occurred during error reporting (printing heap information), id 0xc0000005, EXCEPTION_ACCESS_VIOLATION (0xc0000005) at pc=0x00007ffdc6476959]

GC Heap History (0 events):
No events

Dll operation events (1 events):
Event: 0.008 Loaded shared library C:\Program Files\Java\jdk-19\bin\java.dll

Deoptimization events (0 events):
No events

Classes loaded (0 events):
No events

Classes unloaded (0 events):
No events

Classes redefined (0 events):
No events

Internal exceptions (0 events):
No events

VM Operations (0 events):
No events

Events (0 events):
No events


Dynamic libraries:
0x00007ff7e69c0000 - 0x00007ff7e69d0000 	C:\Program Files\Java\jdk-19\bin\javaw.exe
0x00007ffe11470000 - 0x00007ffe11668000 	C:\windows\SYSTEM32\ntdll.dll
0x00007ffe10f70000 - 0x00007ffe1102f000 	C:\windows\System32\KERNEL32.DLL
0x00007ffe0ef00000 - 0x00007ffe0f1f6000 	C:\windows\System32\KERNELBASE.dll
0x00007ffe0f200000 - 0x00007ffe0f300000 	C:\windows\System32\ucrtbase.dll
0x00007ffdc6a90000 - 0x00007ffdc6aab000 	C:\Program Files\Java\jdk-19\bin\VCRUNTIME140.dll
0x00007ffdc6ab0000 - 0x00007ffdc6ac8000 	C:\Program Files\Java\jdk-19\bin\jli.dll
0x00007ffe11250000 - 0x00007ffe112ff000 	C:\windows\System32\ADVAPI32.dll
0x00007ffe10120000 - 0x00007ffe101be000 	C:\windows\System32\msvcrt.dll
0x00007ffe10d00000 - 0x00007ffe10d9c000 	C:\windows\System32\sechost.dll
0x00007ffe109c0000 - 0x00007ffe10ae6000 	C:\windows\System32\RPCRT4.dll
0x00007ffe10af0000 - 0x00007ffe10c8d000 	C:\windows\System32\USER32.dll
0x00007ffe0ee30000 - 0x00007ffe0ee52000 	C:\windows\System32\win32u.dll
0x00007ffdfcdb0000 - 0x00007ffdfd04a000 	C:\windows\WinSxS\amd64_microsoft.windows.common-controls_6595b64144ccf1df_6.0.19041.1110_none_60b5254171f9507e\COMCTL32.dll
0x00007ffe10f40000 - 0x00007ffe10f6c000 	C:\windows\System32\GDI32.dll
0x00007ffe0eb50000 - 0x00007ffe0ec65000 	C:\windows\System32\gdi32full.dll
0x00007ffe0ee60000 - 0x00007ffe0eefd000 	C:\windows\System32\msvcp_win.dll
0x00007ffe08eb0000 - 0x00007ffe08eba000 	C:\windows\SYSTEM32\VERSION.dll
0x00007ffe10dc0000 - 0x00007ffe10df0000 	C:\windows\System32\IMM32.DLL
0x00007ffdc6a80000 - 0x00007ffdc6a8c000 	C:\Program Files\Java\jdk-19\bin\vcruntime140_1.dll
0x00007ffdc69f0000 - 0x00007ffdc6a7e000 	C:\Program Files\Java\jdk-19\bin\msvcp140.dll
0x00007ffdc5d30000 - 0x00007ffdc69f0000 	C:\Program Files\Java\jdk-19\bin\server\jvm.dll
0x00007ffdc5d20000 - 0x00007ffdc5d29000 	C:\windows\SYSTEM32\WSOCK32.dll
0x00007ffdf5280000 - 0x00007ffdf52a7000 	C:\windows\SYSTEM32\WINMM.dll
0x00007ffe10c90000 - 0x00007ffe10cfb000 	C:\windows\System32\WS2_32.dll
0x00007ffe0d280000 - 0x00007ffe0d292000 	C:\windows\SYSTEM32\kernel.appcore.dll
0x00007ffdc5d10000 - 0x00007ffdc5d1a000 	C:\Program Files\Java\jdk-19\bin\jimage.dll
0x00007ffe0c660000 - 0x00007ffe0c844000 	C:\windows\SYSTEM32\DBGHELP.DLL
0x00007ffdfd5d0000 - 0x00007ffdfd604000 	C:\windows\SYSTEM32\dbgcore.DLL
0x00007ffe0eca0000 - 0x00007ffe0ed22000 	C:\windows\System32\bcryptPrimitives.dll
0x00007ffdf0550000 - 0x00007ffdf058c000 	C:\Program Files\Java\jdk-19\bin\jdwp.dll
0x00007ffdf35f0000 - 0x00007ffdf35fe000 	C:\Program Files\Java\jdk-19\bin\instrument.dll
0x00007ffdc5ce0000 - 0x00007ffdc5d06000 	C:\Program Files\Java\jdk-19\bin\java.dll

dbghelp: loaded successfully - version: 4.0.5 - missing functions: none
symbol engine: initialized successfully - sym options: 0x614 - pdb path: .;C:\Program Files\Java\jdk-19\bin;C:\windows\SYSTEM32;C:\windows\WinSxS\amd64_microsoft.windows.common-controls_6595b64144ccf1df_6.0.19041.1110_none_60b5254171f9507e;C:\Program Files\Java\jdk-19\bin\server

VM Arguments:
jvm_args: -XX:+ShowCodeDetailsInExceptionMessages -agentlib:jdwp=transport=dt_socket,suspend=y,address=localhost:55711 -javaagent:C:\Users\aletscher\eclipse\java-2023-06\eclipse\configuration\org.eclipse.osgi\248\0\.cp\lib\javaagent-shaded.jar -Dfile.encoding=UTF-8 
java_command: exercice_5_2.App
java_class_path (initial): C:\Users\aletscher\Documents\GIT\ABCDEV_2306_LA\Algo_java\exemple\bin
Launcher Type: SUN_STANDARD

[Global flags]
     intx CICompilerCount                          = 4                                         {product} {ergonomic}
     uint ConcGCThreads                            = 2                                         {product} {ergonomic}
     uint G1ConcRefinementThreads                  = 8                                         {product} {ergonomic}
   size_t G1HeapRegionSize                         = 1048576                                   {product} {ergonomic}
    uintx GCDrainStackTargetSize                   = 64                                        {product} {ergonomic}
   size_t InitialHeapSize                          = 134217728                                 {product} {ergonomic}
   size_t MarkStackSize                            = 4194304                                   {product} {ergonomic}
   size_t MaxHeapSize                              = 2132803584                                {product} {ergonomic}
   size_t MinHeapDeltaBytes                        = 1048576                                   {product} {ergonomic}
   size_t MinHeapSize                              = 8388608                                   {product} {ergonomic}
    uintx NonNMethodCodeHeapSize                   = 5839372                                {pd product} {ergonomic}
    uintx NonProfiledCodeHeapSize                  = 122909434                              {pd product} {ergonomic}
    uintx ProfiledCodeHeapSize                     = 122909434                              {pd product} {ergonomic}
    uintx ReservedCodeCacheSize                    = 251658240                              {pd product} {ergonomic}
     bool SegmentedCodeCache                       = true                                      {product} {ergonomic}
     bool ShowCodeDetailsInExceptionMessages       = true                                   {manageable} {command line}
   size_t SoftMaxHeapSize                          = 2132803584                             {manageable} {ergonomic}
     bool UseCompressedClassPointers               = true                           {product lp64_product} {ergonomic}
     bool UseCompressedOops                        = true                           {product lp64_product} {ergonomic}
     bool UseG1GC                                  = true                                      {product} {ergonomic}
     bool UseLargePagesIndividualAllocation        = false                                  {pd product} {ergonomic}

Logging:
Log output configuration:
 #0: stdout all=warning uptime,level,tags foldmultilines=false
 #1: stderr all=off uptime,level,tags foldmultilines=false

Environment Variables:
PATH=C:\Program Files\Common Files\Oracle\Java\javapath;C:\Python310\Scripts\;C:\Python310\;C:\Program Files\Microsoft MPI\Bin\;C:\Program Files (x86)\Common Files\Oracle\Java\javapath;C:\ProgramData\Oracle\Java\javapath;C:\Program Files (x86)\Intel\Intel(R) Management Engine Components\iCLS\;C:\Program Files\Intel\Intel(R) Management Engine Components\iCLS\;C:\WINDOWS\system32;C:\WINDOWS;C:\WINDOWS\System32\Wbem;C:\WINDOWS\System32\WindowsPowerShell\v1.0\;C:\WINDOWS\System32\OpenSSH\;C:\Program Files (x86)\Intel\Intel(R) Management Engine Components\DAL;C:\Program Files\Intel\Intel(R) Management Engine Components\DAL;C:\Program Files\dotnet\;C:\Program Files\Microsoft SQL Server\130\Tools\Binn\;C:\Program Files (x86)\Microsoft SQL Server\140\Tools\Binn\;C:\Program Files (x86)\Microsoft SQL Server\140\DTS\Binn\;C:\Program Files (x86)\Microsoft SQL Server\Client SDK\ODBC\130\Tools\Binn\;C:\Program Files (x86)\Microsoft SQL Server\140\Tools\Binn\ManagementStudio\;C:\Program Files\Microsoft VS Code\bin;C:\Program Files\Microsoft SQL Server\Client SDK\ODBC\170\Tools\Binn\;C:\laragon\bin\php\php-8.1.11;C:\ProgramData\ComposerSetup\bin;C:\Program Files\Microsoft SQL Server\150\Tools\Binn\;C:\Program Files\Docker\Docker\resources\bin;C:\ProgramData\DockerDesktop\version-bin;C:\Program Files\nodejs\;C:\ProgramData\chocolatey\bin;C:\windows\system32;C:\windows;C:\windows\System32\Wbem;C:\windows\System32\WindowsPowerShell\v1.0\;C:\windows\System32\OpenSSH\;C:\Program Files\Git\cmd;C:\Users\aletscher\AppData\Local\Microsoft\WindowsApps;C:\Users\aletscher\AppData\Local\GitHubDesktop\bin
USERNAME=ALetscher
OS=Windows_NT
PROCESSOR_IDENTIFIER=Intel64 Family 6 Model 60 Stepping 3, GenuineIntel
TMP=C:\Users\ALETSC~1\AppData\Local\Temp
TEMP=C:\Users\ALETSC~1\AppData\Local\Temp



---------------  S Y S T E M  ---------------

OS:
 Windows 10 , 64 bit Build 19041 (10.0.19041.3031)
OS uptime: 7 days 6:32 hours
Hyper-V role detected

CPU: total 8 (initial active 8) (4 cores per cpu, 2 threads per core) family 6 model 60 stepping 3 microcode 0x27, cx8, cmov, fxsr, ht, mmx, sse, sse2, sse3, ssse3, sse4.1, sse4.2, popcnt, lzcnt, tsc, tscinvbit, avx, avx2, aes, erms, clmul, bmi1, bmi2, fma, vzeroupper, clflush, hv, rdtscp

Memory: 4k page, system-wide physical 8134M (445M free)
TotalPageFile size 32688M (AvailPageFile size 64M)
current process WorkingSet (physical memory assigned to process): 11M, peak: 11M
current process commit charge ("private bytes"): 60M, peak: 188M

vm_info: Java HotSpot(TM) 64-Bit Server VM (19+36-2238) for windows-amd64 JRE (19+36-2238), built on 2022-08-12T20:29:01Z by "mach5one" with MS VC++ 17.1 (VS2022)

END.
